Arguments: 
  D:\nodejs\node.exe D:\Yarn\bin\yarn.js init

PATH: 
  C:\Program Files (x86)\NVIDIA Corporation\PhysX\Common;C:\Windows\system32;C:\Windows;C:\Windows\System32\Wbem;C:\Windows\System32\WindowsPowerShell\v1.0\;D:\nodejs\;D:\Yarn\bin\;D:\Git\cmd;C:\Users\daneyeah\AppData\Local\Microsoft\WindowsApps;C:\Users\daneyeah\AppData\Roaming\npm;C:\Users\daneyeah\AppData\Local\Yarn\bin;C:\Program Files\Inkscape\bin

Yarn version: 
  1.22.5

Node version: 
  15.3.0

Platform: 
  win32 x64

Trace: 
  Error: canceled
      at Interface.<anonymous> (D:\Yarn\lib\cli.js:137009:13)
      at Interface.emit (node:events:376:20)
      at Interface._ttyWrite (node:readline:880:16)
      at ReadStream.onkeypress (node:readline:213:10)
      at ReadStream.emit (node:events:376:20)
      at emitKeys (node:internal/readline/utils:345:14)
      at emitKeys.next (<anonymous>)
      at ReadStream.onData (node:readline:1149:36)
      at ReadStream.emit (node:events:376:20)
      at addChunk (node:internal/streams/readable:304:12)

npm manifest: 
  No manifest

yarn manifest: 
  No manifest

Lockfile: 
  No lockfile
